TN:
SF:src/controller/CrewController.ts
FN:11,CrewController
FN:15,getAll
FN:25,get
FN:36,create
FN:49,update
FN:61,delete
FNF:6
FNH:6
FNDA:1,CrewController
FNDA:1,getAll
FNDA:1,get
FNDA:1,create
FNDA:1,update
FNDA:1,delete
DA:1,1
DA:2,1
DA:3,1
DA:4,1
DA:5,1
DA:6,1
DA:7,1
DA:8,1
DA:9,1
DA:10,1
DA:11,1
DA:12,1
DA:13,1
DA:14,1
DA:15,1
DA:16,1
DA:17,1
DA:18,1
DA:19,1
DA:20,1
DA:21,0
DA:22,0
DA:23,1
DA:24,1
DA:25,1
DA:26,1
DA:27,1
DA:28,1
DA:29,1
DA:30,1
DA:31,1
DA:32,0
DA:33,0
DA:34,1
DA:35,1
DA:36,1
DA:37,1
DA:38,1
DA:39,1
DA:40,1
DA:41,1
DA:42,1
DA:43,1
DA:44,0
DA:45,0
DA:46,0
DA:47,1
DA:48,1
DA:49,1
DA:50,1
DA:51,1
DA:52,1
DA:53,1
DA:54,1
DA:55,1
DA:56,1
DA:57,0
DA:58,0
DA:59,1
DA:60,1
DA:61,1
DA:62,1
DA:63,1
DA:64,1
DA:65,0
DA:66,0
DA:67,1
DA:68,1
DA:69,1
DA:70,1
DA:71,1
DA:72,1
LF:72
LH:61
BRDA:11,0,0,1
BRDA:15,1,0,1
BRDA:20,2,0,0
BRDA:25,3,0,1
BRDA:31,4,0,0
BRDA:36,5,0,1
BRDA:43,6,0,0
BRDA:49,7,0,1
BRDA:56,8,0,0
BRDA:61,9,0,1
BRDA:64,10,0,0
BRF:11
BRH:6
end_of_record
TN:
SF:src/controller/CrewmanController.ts
FN:11,CrewmanController
FN:15,getAll
FN:25,get
FN:35,create
FN:46,update
FN:57,delete
FNF:6
FNH:6
FNDA:1,CrewmanController
FNDA:1,getAll
FNDA:1,get
FNDA:1,create
FNDA:1,update
FNDA:1,delete
DA:1,1
DA:2,1
DA:3,1
DA:4,1
DA:5,1
DA:6,1
DA:7,1
DA:8,1
DA:9,1
DA:10,1
DA:11,1
DA:12,1
DA:13,1
DA:14,1
DA:15,1
DA:16,1
DA:17,1
DA:18,1
DA:19,1
DA:20,1
DA:21,0
DA:22,0
DA:23,1
DA:24,1
DA:25,1
DA:26,1
DA:27,1
DA:28,1
DA:29,1
DA:30,1
DA:31,0
DA:32,0
DA:33,1
DA:34,1
DA:35,1
DA:36,1
DA:37,1
DA:38,1
DA:39,1
DA:40,1
DA:41,1
DA:42,0
DA:43,0
DA:44,1
DA:45,1
DA:46,1
DA:47,1
DA:48,1
DA:49,1
DA:50,1
DA:51,1
DA:52,1
DA:53,0
DA:54,0
DA:55,1
DA:56,1
DA:57,1
DA:58,1
DA:59,1
DA:60,1
DA:61,0
DA:62,0
DA:63,1
DA:64,1
DA:65,1
DA:66,1
DA:67,1
DA:68,1
LF:68
LH:58
BRDA:11,0,0,1
BRDA:15,1,0,1
BRDA:20,2,0,0
BRDA:25,3,0,1
BRDA:30,4,0,0
BRDA:35,5,0,1
BRDA:41,6,0,0
BRDA:46,7,0,1
BRDA:52,8,0,0
BRDA:57,9,0,1
BRDA:60,10,0,0
BRF:11
BRH:6
end_of_record
TN:
SF:src/controller/LaunchController.ts
FN:11,LaunchController
FN:15,getAll
FN:25,get
FN:36,create
FN:49,update
FN:61,delete
FNF:6
FNH:6
FNDA:1,LaunchController
FNDA:1,getAll
FNDA:1,get
FNDA:1,create
FNDA:1,update
FNDA:1,delete
DA:1,1
DA:2,1
DA:3,1
DA:4,1
DA:5,1
DA:6,1
DA:7,1
DA:8,1
DA:9,1
DA:10,1
DA:11,1
DA:12,1
DA:13,1
DA:14,1
DA:15,1
DA:16,1
DA:17,1
DA:18,1
DA:19,1
DA:20,1
DA:21,0
DA:22,0
DA:23,1
DA:24,1
DA:25,1
DA:26,1
DA:27,1
DA:28,1
DA:29,1
DA:30,1
DA:31,1
DA:32,0
DA:33,0
DA:34,1
DA:35,1
DA:36,1
DA:37,1
DA:38,1
DA:39,1
DA:40,1
DA:41,1
DA:42,1
DA:43,1
DA:44,0
DA:45,0
DA:46,0
DA:47,1
DA:48,1
DA:49,1
DA:50,1
DA:51,1
DA:52,1
DA:53,1
DA:54,1
DA:55,1
DA:56,1
DA:57,0
DA:58,0
DA:59,1
DA:60,1
DA:61,1
DA:62,1
DA:63,1
DA:64,1
DA:65,0
DA:66,0
DA:67,1
DA:68,1
DA:69,1
DA:70,1
DA:71,1
DA:72,1
LF:72
LH:61
BRDA:11,0,0,1
BRDA:15,1,0,1
BRDA:20,2,0,0
BRDA:25,3,0,1
BRDA:31,4,0,0
BRDA:36,5,0,1
BRDA:43,6,0,0
BRDA:49,7,0,1
BRDA:56,8,0,0
BRDA:61,9,0,1
BRDA:64,10,0,0
BRF:11
BRH:6
end_of_record
TN:
SF:src/controller/RocketController.ts
FN:11,RocketController
FN:15,getAll
FN:25,get
FN:36,create
FN:49,update
FN:61,delete
FNF:6
FNH:6
FNDA:1,RocketController
FNDA:1,getAll
FNDA:1,get
FNDA:1,create
FNDA:1,update
FNDA:1,delete
DA:1,1
DA:2,1
DA:3,1
DA:4,1
DA:5,1
DA:6,1
DA:7,1
DA:8,1
DA:9,1
DA:10,1
DA:11,1
DA:12,1
DA:13,1
DA:14,1
DA:15,1
DA:16,1
DA:17,1
DA:18,1
DA:19,1
DA:20,1
DA:21,0
DA:22,0
DA:23,1
DA:24,1
DA:25,1
DA:26,1
DA:27,1
DA:28,1
DA:29,1
DA:30,1
DA:31,1
DA:32,0
DA:33,0
DA:34,1
DA:35,1
DA:36,1
DA:37,1
DA:38,1
DA:39,1
DA:40,1
DA:41,1
DA:42,1
DA:43,1
DA:44,0
DA:45,0
DA:46,0
DA:47,1
DA:48,1
DA:49,1
DA:50,1
DA:51,1
DA:52,1
DA:53,1
DA:54,1
DA:55,1
DA:56,1
DA:57,0
DA:58,0
DA:59,1
DA:60,1
DA:61,1
DA:62,1
DA:63,1
DA:64,1
DA:65,0
DA:66,0
DA:67,1
DA:68,1
DA:69,1
DA:70,1
DA:71,1
DA:72,1
LF:72
LH:61
BRDA:11,0,0,1
BRDA:15,1,0,1
BRDA:20,2,0,0
BRDA:25,3,0,1
BRDA:31,4,0,0
BRDA:36,5,0,1
BRDA:43,6,0,0
BRDA:49,7,0,1
BRDA:56,8,0,0
BRDA:61,9,0,1
BRDA:64,10,0,0
BRF:11
BRH:6
end_of_record
TN:
SF:src/database/config/dataSourceConfig.ts
FNF:0
FNH:0
DA:1,1
DA:2,1
DA:3,1
DA:4,1
DA:5,1
DA:6,1
DA:7,1
DA:8,1
DA:9,1
DA:10,1
DA:11,1
DA:12,1
DA:13,1
DA:14,1
DA:15,1
DA:16,1
DA:17,1
DA:18,1
DA:19,1
DA:20,1
DA:21,1
LF:21
LH:21
BRDA:9,0,0,0
BRF:1
BRH:0
end_of_record
TN:
SF:src/middleware/log/Logger.ts
FN:4,RequestLogHandler
FN:9,RequestErrorHandler
FN:17,Log
FN:21,LogError
FNF:4
FNH:0
FNDA:0,RequestLogHandler
FNDA:0,RequestErrorHandler
FNDA:0,Log
FNDA:0,LogError
DA:1,1
DA:2,1
DA:3,1
DA:4,1
DA:5,0
DA:6,0
DA:7,0
DA:8,1
DA:9,1
DA:10,0
DA:11,0
DA:12,0
DA:13,0
DA:14,0
DA:15,0
DA:16,1
DA:17,1
DA:18,0
DA:19,0
DA:20,1
DA:21,1
DA:22,0
DA:23,0
DA:24,1
DA:25,1
DA:26,1
DA:27,1
DA:28,1
DA:29,1
DA:30,1
LF:30
LH:17
BRF:0
BRH:0
end_of_record
TN:
SF:src/model/Crew.ts
FN:17,Crew
FN:13,Object.<anonymous>.__decorate.eager
FNF:2
FNH:1
FNDA:10,Crew
FNDA:0,Object.<anonymous>.__decorate.eager
DA:1,1
DA:2,1
DA:3,1
DA:4,1
DA:5,1
DA:6,1
DA:7,1
DA:8,1
DA:9,1
DA:10,1
DA:11,1
DA:12,1
DA:13,1
DA:14,1
DA:15,1
DA:16,1
DA:17,1
DA:18,10
DA:19,10
DA:20,10
DA:21,10
DA:22,10
DA:23,10
DA:24,10
DA:25,10
DA:26,1
DA:27,1
DA:28,1
DA:29,1
DA:30,1
LF:30
LH:30
BRDA:17,0,0,10
BRF:1
BRH:1
end_of_record
TN:
SF:src/model/Crewman.ts
FN:15,Crewman
FNF:1
FNH:1
FNDA:12,Crewman
DA:1,1
DA:2,1
DA:3,1
DA:4,1
DA:5,1
DA:6,1
DA:7,1
DA:8,1
DA:9,1
DA:10,1
DA:11,1
DA:12,1
DA:13,1
DA:14,1
DA:15,1
DA:16,12
DA:17,12
DA:18,12
DA:19,12
DA:20,1
DA:21,1
DA:22,1
DA:23,1
DA:24,1
LF:24
LH:24
BRDA:15,0,0,12
BRF:1
BRH:1
end_of_record
TN:
SF:src/model/Launch.ts
FN:28,Launch
FN:20,Object.<anonymous>.__decorate.eager
FN:24,Object.<anonymous>.__decorate.nullable
FNF:3
FNH:1
FNDA:5,Launch
FNDA:0,Object.<anonymous>.__decorate.eager
FNDA:0,Object.<anonymous>.__decorate.nullable
DA:1,1
DA:2,1
DA:3,1
DA:4,1
DA:5,1
DA:6,1
DA:7,1
DA:8,1
DA:9,1
DA:10,1
DA:11,1
DA:12,1
DA:13,1
DA:14,1
DA:15,1
DA:16,1
DA:17,1
DA:18,1
DA:19,1
DA:20,1
DA:21,1
DA:22,1
DA:23,1
DA:24,1
DA:25,1
DA:26,1
DA:27,1
DA:28,1
DA:29,5
DA:30,5
DA:31,5
DA:32,5
DA:33,5
DA:34,5
DA:35,5
DA:36,5
DA:37,5
DA:38,5
DA:39,5
DA:40,5
DA:41,5
DA:42,5
DA:43,1
DA:44,1
DA:45,1
DA:46,1
DA:47,1
LF:47
LH:47
BRDA:28,0,0,5
BRF:1
BRH:1
end_of_record
TN:
SF:src/model/Rocket.ts
FN:12,Rocket
FNF:1
FNH:1
FNDA:11,Rocket
DA:1,1
DA:2,1
DA:3,1
DA:4,1
DA:5,1
DA:6,1
DA:7,1
DA:8,1
DA:9,1
DA:10,1
DA:11,1
DA:12,1
DA:13,11
DA:14,11
DA:15,11
DA:16,11
DA:17,11
DA:18,11
DA:19,1
DA:20,1
DA:21,1
DA:22,1
DA:23,1
LF:23
LH:23
BRDA:12,0,0,11
BRF:1
BRH:1
end_of_record
TN:
SF:src/repository/CrewRepository.ts
FN:5,CrewRepository
FN:9,findAll
FN:13,findById
FN:24,create
FN:33,update
FN:38,delete
FNF:6
FNH:0
FNDA:0,CrewRepository
FNDA:0,findAll
FNDA:0,findById
FNDA:0,create
FNDA:0,update
FNDA:0,delete
DA:1,1
DA:2,1
DA:3,1
DA:4,1
DA:5,0
DA:6,0
DA:7,0
DA:8,0
DA:9,0
DA:10,0
DA:11,0
DA:12,0
DA:13,0
DA:14,0
DA:15,0
DA:16,0
DA:17,0
DA:18,0
DA:19,0
DA:20,0
DA:21,0
DA:22,0
DA:23,0
DA:24,0
DA:25,0
DA:26,0
DA:27,0
DA:28,0
DA:29,0
DA:30,0
DA:31,0
DA:32,0
DA:33,0
DA:34,0
DA:35,0
DA:36,0
DA:37,0
DA:38,0
DA:39,0
DA:40,0
DA:41,0
DA:42,1
DA:43,1
DA:44,1
DA:45,1
LF:45
LH:8
BRF:0
BRH:0
end_of_record
TN:
SF:src/repository/CrewmanRepository.ts
FN:5,CrewmanRepository
FN:9,findAll
FN:13,findById
FN:24,create
FN:30,update
FN:47,delete
FNF:6
FNH:0
FNDA:0,CrewmanRepository
FNDA:0,findAll
FNDA:0,findById
FNDA:0,create
FNDA:0,update
FNDA:0,delete
DA:1,1
DA:2,1
DA:3,1
DA:4,1
DA:5,0
DA:6,0
DA:7,0
DA:8,0
DA:9,0
DA:10,0
DA:11,0
DA:12,0
DA:13,0
DA:14,0
DA:15,0
DA:16,0
DA:17,0
DA:18,0
DA:19,0
DA:20,0
DA:21,0
DA:22,0
DA:23,0
DA:24,0
DA:25,0
DA:26,0
DA:27,0
DA:28,0
DA:29,0
DA:30,0
DA:31,0
DA:32,0
DA:33,0
DA:34,0
DA:35,0
DA:36,0
DA:37,0
DA:38,0
DA:39,0
DA:40,0
DA:41,0
DA:42,0
DA:43,0
DA:44,0
DA:45,0
DA:46,0
DA:47,0
DA:48,0
DA:49,0
DA:50,0
DA:51,1
DA:52,1
DA:53,1
DA:54,1
LF:54
LH:8
BRF:0
BRH:0
end_of_record
TN:
SF:src/repository/LaunchRepository.ts
FN:5,LaunchRepository
FN:9,findAll
FN:13,findById
FN:23,create
FN:27,update
FN:31,delete
FNF:6
FNH:0
FNDA:0,LaunchRepository
FNDA:0,findAll
FNDA:0,findById
FNDA:0,create
FNDA:0,update
FNDA:0,delete
DA:1,1
DA:2,1
DA:3,1
DA:4,1
DA:5,0
DA:6,0
DA:7,0
DA:8,0
DA:9,0
DA:10,0
DA:11,0
DA:12,0
DA:13,0
DA:14,0
DA:15,0
DA:16,0
DA:17,0
DA:18,0
DA:19,0
DA:20,0
DA:21,0
DA:22,0
DA:23,0
DA:24,0
DA:25,0
DA:26,0
DA:27,0
DA:28,0
DA:29,0
DA:30,0
DA:31,0
DA:32,0
DA:33,0
DA:34,0
DA:35,1
DA:36,1
DA:37,1
DA:38,1
LF:38
LH:8
BRF:0
BRH:0
end_of_record
TN:
SF:src/repository/RocketRepository.ts
FN:5,RocketRepository
FN:9,findAll
FN:13,findById
FN:24,create
FN:30,update
FN:46,delete
FNF:6
FNH:0
FNDA:0,RocketRepository
FNDA:0,findAll
FNDA:0,findById
FNDA:0,create
FNDA:0,update
FNDA:0,delete
DA:1,1
DA:2,1
DA:3,1
DA:4,1
DA:5,0
DA:6,0
DA:7,0
DA:8,0
DA:9,0
DA:10,0
DA:11,0
DA:12,0
DA:13,0
DA:14,0
DA:15,0
DA:16,0
DA:17,0
DA:18,0
DA:19,0
DA:20,0
DA:21,0
DA:22,0
DA:23,0
DA:24,0
DA:25,0
DA:26,0
DA:27,0
DA:28,0
DA:29,0
DA:30,0
DA:31,0
DA:32,0
DA:33,0
DA:34,0
DA:35,0
DA:36,0
DA:37,0
DA:38,0
DA:39,0
DA:40,0
DA:41,0
DA:42,0
DA:43,0
DA:44,0
DA:45,0
DA:46,0
DA:47,0
DA:48,0
DA:49,0
DA:50,1
DA:51,1
DA:52,1
DA:53,1
LF:53
LH:8
BRF:0
BRH:0
end_of_record
TN:
SF:src/service/CrewService.ts
FN:21,CrewService
FN:29,getCrews
FN:34,getCrew
FN:42,createCrew
FN:56,updateCrew
FN:69,deleteCrew
FN:73,getCrewCrewmans
FNF:7
FNH:6
FNDA:1,CrewService
FNDA:1,getCrews
FNDA:2,getCrew
FNDA:1,createCrew
FNDA:0,updateCrew
FNDA:1,deleteCrew
FNDA:1,getCrewCrewmans
DA:1,1
DA:2,1
DA:3,1
DA:4,1
DA:5,1
DA:6,1
DA:7,1
DA:8,1
DA:9,1
DA:10,1
DA:11,1
DA:12,1
DA:13,1
DA:14,1
DA:15,1
DA:16,1
DA:17,1
DA:18,1
DA:19,1
DA:20,1
DA:21,1
DA:22,1
DA:23,1
DA:24,1
DA:25,1
DA:26,1
DA:27,1
DA:28,1
DA:29,1
DA:30,1
DA:31,1
DA:32,1
DA:33,1
DA:34,1
DA:35,2
DA:36,2
DA:37,1
DA:38,1
DA:39,1
DA:40,1
DA:41,1
DA:42,1
DA:43,1
DA:44,1
DA:45,1
DA:46,1
DA:47,1
DA:48,1
DA:49,1
DA:50,1
DA:51,1
DA:52,1
DA:53,1
DA:54,1
DA:55,1
DA:56,1
DA:57,0
DA:58,0
DA:59,0
DA:60,0
DA:61,0
DA:62,0
DA:63,0
DA:64,0
DA:65,0
DA:66,0
DA:67,0
DA:68,1
DA:69,1
DA:70,1
DA:71,1
DA:72,1
DA:73,1
DA:74,1
DA:75,1
DA:76,1
DA:77,1
DA:78,2
DA:79,0
DA:80,1
DA:81,1
DA:82,1
DA:83,1
DA:84,1
DA:85,1
DA:86,1
DA:87,1
LF:87
LH:75
BRDA:21,0,0,1
BRDA:29,1,0,1
BRDA:34,2,0,2
BRDA:36,3,0,1
BRDA:42,4,0,1
BRDA:45,5,0,2
BRDA:45,6,0,0
BRDA:69,7,0,1
BRDA:73,8,0,1
BRDA:77,9,0,2
BRDA:79,10,0,0
BRDA:78,11,0,2
BRF:12
BRH:10
end_of_record
TN:
SF:src/service/CrewmanService.ts
FN:16,CrewmanService
FN:20,getCrewmans
FN:24,getCrewman
FN:28,createCrewman
FN:32,updateCrewman
FN:41,deleteCrewman
FNF:6
FNH:6
FNDA:1,CrewmanService
FNDA:1,getCrewmans
FNDA:1,getCrewman
FNDA:1,createCrewman
FNDA:1,updateCrewman
FNDA:1,deleteCrewman
DA:1,1
DA:2,1
DA:3,1
DA:4,1
DA:5,1
DA:6,1
DA:7,1
DA:8,1
DA:9,1
DA:10,1
DA:11,1
DA:12,1
DA:13,1
DA:14,1
DA:15,1
DA:16,1
DA:17,1
DA:18,1
DA:19,1
DA:20,1
DA:21,1
DA:22,1
DA:23,1
DA:24,1
DA:25,1
DA:26,1
DA:27,1
DA:28,1
DA:29,1
DA:30,1
DA:31,1
DA:32,1
DA:33,1
DA:34,1
DA:35,1
DA:36,1
DA:37,1
DA:38,1
DA:39,1
DA:40,1
DA:41,1
DA:42,1
DA:43,1
DA:44,1
DA:45,1
DA:46,1
DA:47,1
DA:48,1
DA:49,1
LF:49
LH:49
BRDA:16,0,0,1
BRDA:20,1,0,1
BRDA:24,2,0,1
BRDA:28,3,0,1
BRDA:32,4,0,1
BRDA:41,5,0,1
BRF:6
BRH:6
end_of_record
TN:
SF:src/service/LaunchService.ts
FN:25,LaunchService
FN:35,getLaunchs
FN:40,getLaunch
FN:45,createLaunch
FN:64,updateLaunch
FN:84,deleteLaunch
FN:88,buildNewLaunch
FN:104,update
FNF:8
FNH:8
FNDA:1,LaunchService
FNDA:1,getLaunchs
FNDA:4,getLaunch
FNDA:2,createLaunch
FNDA:1,updateLaunch
FNDA:1,deleteLaunch
FNDA:1,buildNewLaunch
FNDA:1,update
DA:1,1
DA:2,1
DA:3,1
DA:4,1
DA:5,1
DA:6,1
DA:7,1
DA:8,1
DA:9,1
DA:10,1
DA:11,1
DA:12,1
DA:13,1
DA:14,1
DA:15,1
DA:16,1
DA:17,1
DA:18,1
DA:19,1
DA:20,1
DA:21,1
DA:22,1
DA:23,1
DA:24,1
DA:25,1
DA:26,1
DA:27,1
DA:28,1
DA:29,1
DA:30,1
DA:31,1
DA:32,1
DA:33,1
DA:34,1
DA:35,1
DA:36,1
DA:37,1
DA:38,1
DA:39,1
DA:40,1
DA:41,4
DA:42,3
DA:43,3
DA:44,1
DA:45,1
DA:46,2
DA:47,2
DA:48,2
DA:49,2
DA:50,2
DA:51,1
DA:52,1
DA:53,1
DA:54,1
DA:55,1
DA:56,1
DA:57,2
DA:58,0
DA:59,0
DA:60,1
DA:61,1
DA:62,1
DA:63,1
DA:64,1
DA:65,1
DA:66,1
DA:67,1
DA:68,1
DA:69,1
DA:70,1
DA:71,0
DA:72,0
DA:73,1
DA:74,1
DA:75,1
DA:76,1
DA:77,1
DA:78,0
DA:79,0
DA:80,1
DA:81,1
DA:82,1
DA:83,1
DA:84,1
DA:85,1
DA:86,1
DA:87,1
DA:88,1
DA:89,1
DA:90,1
DA:91,1
DA:92,1
DA:93,1
DA:94,1
DA:95,1
DA:96,1
DA:97,1
DA:98,1
DA:99,1
DA:100,1
DA:101,1
DA:102,1
DA:103,1
DA:104,1
DA:105,1
DA:106,1
DA:107,1
DA:108,1
DA:109,1
DA:110,1
DA:111,1
DA:112,1
DA:113,1
DA:114,1
DA:115,1
DA:116,1
DA:117,1
DA:118,1
DA:119,1
DA:120,1
DA:121,1
DA:122,1
DA:123,1
DA:124,1
DA:125,1
DA:126,1
LF:126
LH:120
BRDA:25,0,0,1
BRDA:35,1,0,1
BRDA:40,2,0,4
BRDA:41,3,0,1
BRDA:42,4,0,3
BRDA:45,5,0,2
BRDA:50,6,0,1
BRDA:57,7,0,0
BRDA:60,8,0,1
BRDA:64,9,0,1
BRDA:70,10,0,0
BRDA:77,11,0,0
BRDA:84,12,0,1
BRDA:88,13,0,1
BRDA:99,14,0,0
BRDA:100,15,0,0
BRDA:100,16,0,0
BRDA:100,17,0,0
BRDA:100,18,0,0
BRDA:104,19,0,1
BRDA:111,20,0,0
BRDA:116,21,0,0
BRDA:117,22,0,0
BRDA:117,23,0,0
BRDA:117,24,0,0
BRDA:117,25,0,0
BRF:26
BRH:12
end_of_record
TN:
SF:src/service/RocketService.ts
FN:17,RocketService
FN:21,getRockets
FN:25,getRocket
FN:30,createRocket
FN:34,updateRocket
FN:42,deleteRocket
FNF:6
FNH:6
FNDA:1,RocketService
FNDA:1,getRockets
FNDA:1,getRocket
FNDA:1,createRocket
FNDA:1,updateRocket
FNDA:1,deleteRocket
DA:1,1
DA:2,1
DA:3,1
DA:4,1
DA:5,1
DA:6,1
DA:7,1
DA:8,1
DA:9,1
DA:10,1
DA:11,1
DA:12,1
DA:13,1
DA:14,1
DA:15,1
DA:16,1
DA:17,1
DA:18,1
DA:19,1
DA:20,1
DA:21,1
DA:22,1
DA:23,1
DA:24,1
DA:25,1
DA:26,1
DA:27,1
DA:28,1
DA:29,1
DA:30,1
DA:31,1
DA:32,1
DA:33,1
DA:34,1
DA:35,1
DA:36,1
DA:37,1
DA:38,1
DA:39,1
DA:40,1
DA:41,1
DA:42,1
DA:43,1
DA:44,1
DA:45,1
DA:46,1
DA:47,1
DA:48,1
DA:49,1
DA:50,1
LF:50
LH:50
BRDA:17,0,0,1
BRDA:21,1,0,1
BRDA:25,2,0,1
BRDA:26,3,0,0
BRDA:30,4,0,1
BRDA:34,5,0,1
BRDA:42,6,0,1
BRF:7
BRH:6
end_of_record
TN:
SF:test/mocks/CrewMock.ts
FNF:0
FNH:0
DA:1,1
DA:2,1
DA:3,1
DA:4,1
DA:5,1
DA:6,1
DA:7,1
DA:8,1
DA:9,1
DA:10,1
DA:11,1
DA:12,1
DA:13,1
DA:14,1
DA:15,1
DA:16,1
DA:17,1
DA:18,1
DA:19,1
DA:20,1
DA:21,1
DA:22,1
DA:23,1
DA:24,1
DA:25,1
DA:26,1
DA:27,1
DA:28,1
DA:29,1
DA:30,1
DA:31,1
DA:32,1
DA:33,1
DA:34,1
DA:35,1
DA:36,1
DA:37,1
DA:38,1
LF:38
LH:38
BRF:0
BRH:0
end_of_record
TN:
SF:test/mocks/CrewmanMock.ts
FNF:0
FNH:0
DA:1,1
DA:2,1
DA:3,1
DA:4,1
DA:5,1
DA:6,1
DA:7,1
DA:8,1
DA:9,1
DA:10,1
DA:11,1
DA:12,1
DA:13,1
DA:14,1
DA:15,1
DA:16,1
DA:17,1
DA:18,1
DA:19,1
DA:20,1
DA:21,1
DA:22,1
DA:23,1
DA:24,1
DA:25,1
LF:25
LH:25
BRF:0
BRH:0
end_of_record
TN:
SF:test/mocks/LaunchMock.ts
FNF:0
FNH:0
DA:1,1
DA:2,1
DA:3,1
DA:4,1
DA:5,1
DA:6,1
DA:7,1
DA:8,1
DA:9,1
DA:10,1
DA:11,1
DA:12,1
DA:13,1
DA:14,1
DA:15,1
DA:16,1
DA:17,1
DA:18,1
DA:19,1
DA:20,1
DA:21,1
DA:22,1
DA:23,1
DA:24,1
DA:25,1
DA:26,1
DA:27,1
DA:28,1
DA:29,1
DA:30,1
DA:31,1
DA:32,1
DA:33,1
DA:34,1
DA:35,1
DA:36,1
DA:37,1
DA:38,1
DA:39,1
DA:40,1
DA:41,1
LF:41
LH:41
BRF:0
BRH:0
end_of_record
TN:
SF:test/mocks/RocketMock.ts
FNF:0
FNH:0
DA:1,1
DA:2,1
DA:3,1
DA:4,1
DA:5,1
DA:6,1
DA:7,1
DA:8,1
DA:9,1
DA:10,1
DA:11,1
DA:12,1
DA:13,1
DA:14,1
DA:15,1
DA:16,1
DA:17,1
DA:18,1
DA:19,1
DA:20,1
DA:21,1
DA:22,1
DA:23,1
DA:24,1
DA:25,1
LF:25
LH:25
BRF:0
BRH:0
end_of_record
